<?xml version="1.0" encoding="UTF-8" standalone="no"?><testsuite errors="1" failures="0" name="Login on SwagLabs website" skipped="0" tests="1" time="0.47" timestamp="2025-01-03 01:10:15"><testcase name="Successful login on the website"><error message="Cannot invoke &quot;com.co.choucair.swag.steps.SerenityLoginSteps.OpenWebSite(String)&quot; because &quot;this.loginSteps&quot; is null" type="java.lang.NullPointerException">Cannot invoke "com.co.choucair.swag.steps.SerenityLoginSteps.OpenWebSite(String)" because "this.loginSteps" is null</error><system-err>Cannot invoke "com.co.choucair.swag.steps.SerenityLoginSteps.OpenWebSite(String)" because "this.loginSteps" is null&#13;
com.co.choucair.swag.stepdefinitions.LoginOnSwagSiteStepdefinitions.thatTheUserWasOnTheWebsite(LoginOnSwagSiteStepdefinitions.java:16)&#13;
✽.that the user was on the website(file:///C:/Users/smarina/Documents/SwagLabs_POM%20y%20Screenplay/SwagPOM/src/test/resources/features/loginOnSwagSite.feature:8)&#13;
</system-err></testcase></testsuite>